{"C:\\Users\\deil7925\\Desktop\\Current Projects\\PSPS Portal\\PGEApprovalDashboard\\pacific-gas-and-electric-ApprovalDashboard-GenerateTokenbug-fixed\\src\\config.ts": {"path":"C:\\Users\\deil7925\\Desktop\\Current Projects\\PSPS Portal\\PGEApprovalDashboard\\pacific-gas-and-electric-ApprovalDashboard-GenerateTokenbug-fixed\\src\\config.ts","statementMap":{"0":{"start":{"line":2,"column":13},"end":{"line":2,"column":40}},"1":{"start":{"line":5,"column":13},"end":{"line":5,"column":66}},"2":{"start":{"line":8,"column":13},"end":{"line":8,"column":65}},"3":{"start":{"line":11,"column":13},"end":{"line":11,"column":68}},"4":{"start":{"line":14,"column":13},"end":{"line":35,"column":2}},"5":{"start":{"line":37,"column":13},"end":{"line":37,"column":72}},"6":{"start":{"line":38,"column":13},"end":{"line":38,"column":73}},"7":{"start":{"line":39,"column":13},"end":{"line":39,"column":69}},"8":{"start":{"line":40,"column":13},"end":{"line":40,"column":71}},"9":{"start":{"line":42,"column":13},"end":{"line":54,"column":2}}},"fnMap":{},"branchMap":{},"s":{"0":1,"1":1,"2":1,"3":1,"4":1,"5":1,"6":1,"7":1,"8":1,"9":1},"f":{},"b":{}}
,"C:\\Users\\deil7925\\Desktop\\Current Projects\\PSPS Portal\\PGEApprovalDashboard\\pacific-gas-and-electric-ApprovalDashboard-GenerateTokenbug-fixed\\src\\shared\\utils.tsx": {"path":"C:\\Users\\deil7925\\Desktop\\Current Projects\\PSPS Portal\\PGEApprovalDashboard\\pacific-gas-and-electric-ApprovalDashboard-GenerateTokenbug-fixed\\src\\shared\\utils.tsx","statementMap":{"0":{"start":{"line":1,"column":0},"end":{"line":1,"column":26}},"1":{"start":{"line":2,"column":0},"end":{"line":2,"column":27}},"2":{"start":{"line":3,"column":0},"end":{"line":3,"column":77}},"3":{"start":{"line":7,"column":4},"end":{"line":7,"column":null}},"4":{"start":{"line":8,"column":8},"end":{"line":8,"column":17}},"5":{"start":{"line":9,"column":8},"end":{"line":9,"column":16}},"6":{"start":{"line":10,"column":8},"end":{"line":10,"column":13}},"7":{"start":{"line":11,"column":8},"end":{"line":11,"column":16}},"8":{"start":{"line":12,"column":8},"end":{"line":12,"column":16}},"9":{"start":{"line":13,"column":8},"end":{"line":13,"column":24}},"10":{"start":{"line":14,"column":8},"end":{"line":14,"column":20}},"11":{"start":{"line":15,"column":8},"end":{"line":15,"column":13}},"12":{"start":{"line":16,"column":8},"end":{"line":16,"column":19}},"13":{"start":{"line":17,"column":8},"end":{"line":17,"column":33}},"14":{"start":{"line":18,"column":8},"end":{"line":18,"column":24}},"15":{"start":{"line":19,"column":8},"end":{"line":19,"column":null}},"16":{"start":{"line":23,"column":8},"end":{"line":23,"column":12}},"17":{"start":{"line":23,"column":14},"end":{"line":23,"column":29}},"18":{"start":{"line":23,"column":31},"end":{"line":23,"column":39}},"19":{"start":{"line":23,"column":41},"end":{"line":23,"column":52}},"20":{"start":{"line":23,"column":54},"end":{"line":23,"column":74}},"21":{"start":{"line":23,"column":76},"end":{"line":23,"column":96}},"22":{"start":{"line":25,"column":27},"end":{"line":73,"column":1}},"23":{"start":{"line":26,"column":4},"end":{"line":72,"column":6}},"24":{"start":{"line":257,"column":4},"end":{"line":257,"column":22}},"25":{"start":{"line":75,"column":21},"end":{"line":87,"column":1}},"26":{"start":{"line":79,"column":4},"end":{"line":84,"column":null}},"27":{"start":{"line":79,"column":19},"end":{"line":79,"column":35}},"28":{"start":{"line":80,"column":8},"end":{"line":80,"column":52}},"29":{"start":{"line":81,"column":8},"end":{"line":81,"column":26}},"30":{"start":{"line":82,"column":8},"end":{"line":82,"column":32}},"31":{"start":{"line":83,"column":8},"end":{"line":83,"column":26}},"32":{"start":{"line":86,"column":4},"end":{"line":86,"column":17}},"33":{"start":{"line":89,"column":32},"end":{"line":108,"column":1}},"34":{"start":{"line":90,"column":25},"end":{"line":90,"column":37}},"35":{"start":{"line":91,"column":24},"end":{"line":91,"column":52}},"36":{"start":{"line":92,"column":24},"end":{"line":92,"column":52}},"37":{"start":{"line":93,"column":25},"end":{"line":93,"column":39}},"38":{"start":{"line":94,"column":22},"end":{"line":94,"column":77}},"39":{"start":{"line":95,"column":28},"end":{"line":95,"column":49}},"40":{"start":{"line":97,"column":4},"end":{"line":97,"column":40}},"41":{"start":{"line":98,"column":4},"end":{"line":98,"column":39}},"42":{"start":{"line":99,"column":4},"end":{"line":99,"column":39}},"43":{"start":{"line":100,"column":4},"end":{"line":100,"column":40}},"44":{"start":{"line":102,"column":4},"end":{"line":102,"column":61}},"45":{"start":{"line":103,"column":4},"end":{"line":107,"column":15}},"46":{"start":{"line":105,"column":12},"end":{"line":105,"column":59}},"47":{"start":{"line":110,"column":25},"end":{"line":125,"column":1}},"48":{"start":{"line":111,"column":4},"end":{"line":124,"column":6}},"49":{"start":{"line":258,"column":4},"end":{"line":258,"column":20}},"50":{"start":{"line":127,"column":23},"end":{"line":127,"column":61}},"51":{"start":{"line":127,"column":53},"end":{"line":127,"column":73}},"52":{"start":{"line":251,"column":4},"end":{"line":251,"column":18}},"53":{"start":{"line":129,"column":31},"end":{"line":138,"column":1}},"54":{"start":{"line":130,"column":4},"end":{"line":132,"column":null}},"55":{"start":{"line":131,"column":8},"end":{"line":131,"column":19}},"56":{"start":{"line":134,"column":4},"end":{"line":137,"column":19}},"57":{"start":{"line":136,"column":21},"end":{"line":136,"column":66}},"58":{"start":{"line":252,"column":4},"end":{"line":252,"column":26}},"59":{"start":{"line":140,"column":26},"end":{"line":154,"column":1}},"60":{"start":{"line":141,"column":4},"end":{"line":143,"column":null}},"61":{"start":{"line":142,"column":8},"end":{"line":142,"column":19}},"62":{"start":{"line":145,"column":22},"end":{"line":145,"column":44}},"63":{"start":{"line":146,"column":28},"end":{"line":146,"column":63}},"64":{"start":{"line":147,"column":18},"end":{"line":147,"column":66}},"65":{"start":{"line":149,"column":4},"end":{"line":151,"column":null}},"66":{"start":{"line":150,"column":8},"end":{"line":150,"column":65}},"67":{"start":{"line":153,"column":4},"end":{"line":153,"column":15}},"68":{"start":{"line":253,"column":4},"end":{"line":253,"column":21}},"69":{"start":{"line":156,"column":20},"end":{"line":162,"column":1}},"70":{"start":{"line":157,"column":4},"end":{"line":159,"column":null}},"71":{"start":{"line":158,"column":8},"end":{"line":158,"column":19}},"72":{"start":{"line":161,"column":4},"end":{"line":161,"column":17}},"73":{"start":{"line":254,"column":4},"end":{"line":254,"column":15}},"74":{"start":{"line":164,"column":23},"end":{"line":193,"column":1}},"75":{"start":{"line":165,"column":4},"end":{"line":165,"column":null}},"76":{"start":{"line":166,"column":4},"end":{"line":192,"column":null}},"77":{"start":{"line":168,"column":12},"end":{"line":172,"column":14}},"78":{"start":{"line":175,"column":12},"end":{"line":179,"column":14}},"79":{"start":{"line":181,"column":12},"end":{"line":185,"column":14}},"80":{"start":{"line":187,"column":12},"end":{"line":191,"column":14}},"81":{"start":{"line":259,"column":4},"end":{"line":259,"column":18}},"82":{"start":{"line":195,"column":19},"end":{"line":198,"column":1}},"83":{"start":{"line":196,"column":17},"end":{"line":196,"column":39}},"84":{"start":{"line":197,"column":4},"end":{"line":197,"column":82}},"85":{"start":{"line":255,"column":4},"end":{"line":255,"column":14}},"86":{"start":{"line":200,"column":33},"end":{"line":222,"column":1}},"87":{"start":{"line":201,"column":4},"end":{"line":221,"column":null}},"88":{"start":{"line":203,"column":12},"end":{"line":207,"column":14}},"89":{"start":{"line":210,"column":12},"end":{"line":214,"column":14}},"90":{"start":{"line":216,"column":12},"end":{"line":220,"column":14}},"91":{"start":{"line":256,"column":4},"end":{"line":256,"column":28}},"92":{"start":{"line":224,"column":18},"end":{"line":248,"column":1}},"93":{"start":{"line":225,"column":27},"end":{"line":225,"column":54}},"94":{"start":{"line":227,"column":8},"end":{"line":227,"column":164}},"95":{"start":{"line":229,"column":4},"end":{"line":242,"column":7}},"96":{"start":{"line":230,"column":8},"end":{"line":230,"column":52}},"97":{"start":{"line":231,"column":8},"end":{"line":231,"column":41}},"98":{"start":{"line":232,"column":8},"end":{"line":232,"column":42}},"99":{"start":{"line":233,"column":8},"end":{"line":233,"column":41}},"100":{"start":{"line":234,"column":8},"end":{"line":234,"column":38}},"101":{"start":{"line":235,"column":8},"end":{"line":235,"column":49}},"102":{"start":{"line":236,"column":8},"end":{"line":236,"column":73}},"103":{"start":{"line":237,"column":8},"end":{"line":237,"column":38}},"104":{"start":{"line":238,"column":8},"end":{"line":238,"column":57}},"105":{"start":{"line":239,"column":8},"end":{"line":239,"column":63}},"106":{"start":{"line":240,"column":8},"end":{"line":240,"column":57}},"107":{"start":{"line":241,"column":8},"end":{"line":241,"column":101}},"108":{"start":{"line":244,"column":4},"end":{"line":244,"column":74}},"109":{"start":{"line":245,"column":4},"end":{"line":245,"column":37}},"110":{"start":{"line":246,"column":4},"end":{"line":246,"column":48}},"111":{"start":{"line":247,"column":4},"end":{"line":247,"column":27}},"112":{"start":{"line":260,"column":4},"end":{"line":260,"column":13}}},"fnMap":{"0":{"name":"(anonymous_0)","decl":{"start":{"line":25,"column":27},"end":{"line":25,"column":28}},"loc":{"start":{"line":25,"column":50},"end":{"line":73,"column":1}}},"1":{"name":"(anonymous_1)","decl":{"start":{"line":75,"column":21},"end":{"line":75,"column":22}},"loc":{"start":{"line":75,"column":37},"end":{"line":87,"column":1}}},"2":{"name":"(anonymous_2)","decl":{"start":{"line":89,"column":32},"end":{"line":89,"column":33}},"loc":{"start":{"line":89,"column":55},"end":{"line":108,"column":1}}},"3":{"name":"(anonymous_3)","decl":{"start":{"line":104,"column":30},"end":{"line":104,"column":39}},"loc":{"start":{"line":104,"column":40},"end":{"line":106,"column":9}}},"4":{"name":"(anonymous_4)","decl":{"start":{"line":110,"column":25},"end":{"line":110,"column":26}},"loc":{"start":{"line":110,"column":35},"end":{"line":125,"column":1}}},"5":{"name":"(anonymous_5)","decl":{"start":{"line":127,"column":23},"end":{"line":127,"column":24}},"loc":{"start":{"line":127,"column":40},"end":{"line":127,"column":61}}},"6":{"name":"(anonymous_6)","decl":{"start":{"line":129,"column":31},"end":{"line":129,"column":32}},"loc":{"start":{"line":129,"column":56},"end":{"line":138,"column":1}}},"7":{"name":"(anonymous_7)","decl":{"start":{"line":136,"column":13},"end":{"line":136,"column":17}},"loc":{"start":{"line":136,"column":17},"end":{"line":136,"column":25}}},"8":{"name":"(anonymous_8)","decl":{"start":{"line":140,"column":26},"end":{"line":140,"column":27}},"loc":{"start":{"line":140,"column":46},"end":{"line":154,"column":1}}},"9":{"name":"(anonymous_9)","decl":{"start":{"line":156,"column":20},"end":{"line":156,"column":21}},"loc":{"start":{"line":156,"column":34},"end":{"line":162,"column":1}}},"10":{"name":"(anonymous_10)","decl":{"start":{"line":164,"column":23},"end":{"line":164,"column":24}},"loc":{"start":{"line":164,"column":40},"end":{"line":193,"column":1}}},"11":{"name":"(anonymous_11)","decl":{"start":{"line":195,"column":19},"end":{"line":195,"column":20}},"loc":{"start":{"line":195,"column":40},"end":{"line":198,"column":1}}},"12":{"name":"(anonymous_12)","decl":{"start":{"line":200,"column":33},"end":{"line":200,"column":34}},"loc":{"start":{"line":200,"column":60},"end":{"line":222,"column":1}}},"13":{"name":"(anonymous_13)","decl":{"start":{"line":224,"column":18},"end":{"line":224,"column":19}},"loc":{"start":{"line":224,"column":52},"end":{"line":248,"column":1}}},"14":{"name":"(anonymous_14)","decl":{"start":{"line":229,"column":21},"end":{"line":229,"column":22}},"loc":{"start":{"line":229,"column":34},"end":{"line":242,"column":5}}}},"branchMap":{"0":{"loc":{"start":{"line":130,"column":4},"end":{"line":132,"column":null}},"type":"if","locations":[{"start":{"line":130,"column":4},"end":{"line":132,"column":null}},{"start":{"line":130,"column":4},"end":{"line":132,"column":null}}]},"1":{"loc":{"start":{"line":141,"column":4},"end":{"line":143,"column":null}},"type":"if","locations":[{"start":{"line":141,"column":4},"end":{"line":143,"column":null}},{"start":{"line":141,"column":4},"end":{"line":143,"column":null}}]},"2":{"loc":{"start":{"line":149,"column":4},"end":{"line":151,"column":null}},"type":"if","locations":[{"start":{"line":149,"column":4},"end":{"line":151,"column":null}},{"start":{"line":149,"column":4},"end":{"line":151,"column":null}}]},"3":{"loc":{"start":{"line":157,"column":4},"end":{"line":159,"column":null}},"type":"if","locations":[{"start":{"line":157,"column":4},"end":{"line":159,"column":null}},{"start":{"line":157,"column":4},"end":{"line":159,"column":null}}]},"4":{"loc":{"start":{"line":167,"column":8},"end":{"line":172,"column":14}},"type":"switch","locations":[{"start":{"line":167,"column":8},"end":{"line":172,"column":14}},{"start":{"line":174,"column":8},"end":{"line":179,"column":14}},{"start":{"line":180,"column":8},"end":{"line":185,"column":14}},{"start":{"line":186,"column":8},"end":{"line":191,"column":14}}]},"5":{"loc":{"start":{"line":202,"column":8},"end":{"line":207,"column":14}},"type":"switch","locations":[{"start":{"line":202,"column":8},"end":{"line":207,"column":14}},{"start":{"line":209,"column":8},"end":{"line":214,"column":14}},{"start":{"line":215,"column":8},"end":{"line":220,"column":14}}]}},"s":{"0":1,"1":1,"2":1,"3":1,"4":1,"5":1,"6":1,"7":1,"8":1,"9":1,"10":1,"11":1,"12":1,"13":1,"14":1,"15":1,"16":1,"17":1,"18":1,"19":1,"20":1,"21":1,"22":1,"23":1,"24":1,"25":1,"26":1,"27":1,"28":11,"29":11,"30":11,"31":11,"32":1,"33":1,"34":1,"35":1,"36":1,"37":1,"38":1,"39":1,"40":1,"41":1,"42":1,"43":1,"44":1,"45":1,"46":12,"47":1,"48":1,"49":1,"50":1,"51":1,"52":1,"53":1,"54":2,"55":1,"56":1,"57":1,"58":1,"59":1,"60":3,"61":1,"62":2,"63":2,"64":2,"65":2,"66":1,"67":1,"68":1,"69":1,"70":2,"71":1,"72":1,"73":1,"74":1,"75":5,"76":5,"77":1,"78":1,"79":1,"80":2,"81":1,"82":1,"83":1,"84":1,"85":1,"86":1,"87":3,"88":1,"89":1,"90":1,"91":1,"92":1,"93":0,"94":0,"95":0,"96":0,"97":0,"98":0,"99":0,"100":0,"101":0,"102":0,"103":0,"104":0,"105":0,"106":0,"107":0,"108":0,"109":0,"110":0,"111":0,"112":1},"f":{"0":1,"1":1,"2":1,"3":12,"4":1,"5":1,"6":2,"7":1,"8":3,"9":2,"10":5,"11":1,"12":3,"13":0,"14":0},"b":{"0":[1,1],"1":[1,2],"2":[1,1],"3":[1,1],"4":[1,1,1,2],"5":[1,1,1]}}
}
