TN:
SF:src\config.ts
FNF:0
FNH:0
DA:2,1
DA:5,1
DA:8,1
DA:11,1
DA:14,1
DA:37,1
DA:38,1
DA:39,1
DA:40,1
DA:42,1
LF:10
LH:10
BRF:0
BRH:0
end_of_record
TN:
SF:src\shared\utils.tsx
FN:25,(anonymous_0)
FN:75,(anonymous_1)
FN:89,(anonymous_2)
FN:104,(anonymous_3)
FN:110,(anonymous_4)
FN:127,(anonymous_5)
FN:129,(anonymous_6)
FN:136,(anonymous_7)
FN:140,(anonymous_8)
FN:156,(anonymous_9)
FN:164,(anonymous_10)
FN:195,(anonymous_11)
FN:200,(anonymous_12)
FN:224,(anonymous_13)
FN:229,(anonymous_14)
FNF:15
FNH:13
FNDA:1,(anonymous_0)
FNDA:1,(anonymous_1)
FNDA:1,(anonymous_2)
FNDA:12,(anonymous_3)
FNDA:1,(anonymous_4)
FNDA:1,(anonymous_5)
FNDA:2,(anonymous_6)
FNDA:1,(anonymous_7)
FNDA:3,(anonymous_8)
FNDA:2,(anonymous_9)
FNDA:5,(anonymous_10)
FNDA:1,(anonymous_11)
FNDA:3,(anonymous_12)
FNDA:0,(anonymous_13)
FNDA:0,(anonymous_14)
DA:1,1
DA:2,1
DA:3,1
DA:7,1
DA:8,1
DA:9,1
DA:10,1
DA:11,1
DA:12,1
DA:13,1
DA:14,1
DA:15,1
DA:16,1
DA:17,1
DA:18,1
DA:19,1
DA:23,1
DA:25,1
DA:26,1
DA:75,1
DA:79,1
DA:80,11
DA:81,11
DA:82,11
DA:83,11
DA:86,1
DA:89,1
DA:90,1
DA:91,1
DA:92,1
DA:93,1
DA:94,1
DA:95,1
DA:97,1
DA:98,1
DA:99,1
DA:100,1
DA:102,1
DA:103,1
DA:105,12
DA:110,1
DA:111,1
DA:127,1
DA:129,1
DA:130,2
DA:131,1
DA:134,1
DA:136,1
DA:140,1
DA:141,3
DA:142,1
DA:145,2
DA:146,2
DA:147,2
DA:149,2
DA:150,1
DA:153,1
DA:156,1
DA:157,2
DA:158,1
DA:161,1
DA:164,1
DA:165,5
DA:166,5
DA:168,1
DA:175,1
DA:181,1
DA:187,2
DA:195,1
DA:196,1
DA:197,1
DA:200,1
DA:201,3
DA:203,1
DA:210,1
DA:216,1
DA:224,1
DA:225,0
DA:227,0
DA:229,0
DA:230,0
DA:231,0
DA:232,0
DA:233,0
DA:234,0
DA:235,0
DA:236,0
DA:237,0
DA:238,0
DA:239,0
DA:240,0
DA:241,0
DA:244,0
DA:245,0
DA:246,0
DA:247,0
DA:251,1
DA:252,1
DA:253,1
DA:254,1
DA:255,1
DA:256,1
DA:257,1
DA:258,1
DA:259,1
DA:260,1
LF:106
LH:87
BRDA:130,0,0,1
BRDA:130,0,1,1
BRDA:141,1,0,1
BRDA:141,1,1,2
BRDA:149,2,0,1
BRDA:149,2,1,1
BRDA:157,3,0,1
BRDA:157,3,1,1
BRDA:167,4,0,1
BRDA:167,4,1,1
BRDA:167,4,2,1
BRDA:167,4,3,2
BRDA:202,5,0,1
BRDA:202,5,1,1
BRDA:202,5,2,1
BRF:15
BRH:15
end_of_record
